<?xml version="1.0" encoding="UTF-8" ?>
<testsuite errors="0" failures="1" hostname="DESKTOP-VIP1QLO" name="edu.uag.iidis.scec.pruebas.RecomendacionDAOTest" skipped="0" tests="2" time="1.855" timestamp="2017-04-07T02:39:26">
  <properties>
[...]
</properties>
  <testcase classname="edu.uag.iidis.scec.pruebas.RecomendacionDAOTest" name="testBuscarTodosInvalido" time="1.725">
    <failure message="Si no hay datos en la tabla success" type="junit.framework.AssertionFailedError">junit.framework.AssertionFailedError: Si no hay datos en la tabla success
	at edu.uag.iidis.scec.pruebas.RecomendacionDAOTest.testBuscarTodosInvalido(RecomendacionDAOTest.java:57)
	at junit.extensions.TestDecorator.basicRun(TestDecorator.java:23)
	at junit.extensions.TestSetup$1.protect(TestSetup.java:23)
	at junit.extensions.TestSetup.run(TestSetup.java:27)
</failure>
  </testcase>
  <testcase classname="edu.uag.iidis.scec.pruebas.RecomendacionDAOTest" name="testBuscarTodos" time="0.007" />
  <system-out><![CDATA[[SCEC] 2017-04-06 21:39:26,613 DEBUG edu.uag.iidis.scec.persistencia.hibernate.HibernateUtil.<clinit>(69) : >creando sessionFactory
[SCEC] 2017-04-06 21:39:28,099 DEBUG edu.uag.iidis.scec.persistencia.hibernate.HibernateUtil.beginTransaction(230) : >beginTransaction()
[SCEC] 2017-04-06 21:39:28,100 DEBUG edu.uag.iidis.scec.persistencia.hibernate.HibernateUtil.beginTransaction(237) : -Iniciando una nueva transacción de base de datos en este thread.
[SCEC] 2017-04-06 21:39:28,100 DEBUG edu.uag.iidis.scec.persistencia.hibernate.HibernateUtil.getSession(160) : >getSession()
[SCEC] 2017-04-06 21:39:28,101 DEBUG edu.uag.iidis.scec.persistencia.hibernate.HibernateUtil.getSession(167) : -Abriendo una nueva sesión para el thread.
[SCEC] 2017-04-06 21:39:28,146 DEBUG edu.uag.iidis.scec.persistencia.RecomendacionDAO.buscarTodos(43) : >buscarTodos()
[SCEC] 2017-04-06 21:39:28,147 DEBUG edu.uag.iidis.scec.persistencia.hibernate.HibernateUtil.getSession(160) : >getSession()
Hibernate: select this_.id as id7_0_, this_.nombrePais as nombrePais7_0_, this_.nombreEstado as nombreEs3_7_0_, this_.nombreMunicipio as nombreMu4_7_0_, this_.idAtraccion as idAtracc5_7_0_, this_.nombreAtraccion as nombreAt6_7_0_, this_.path as path7_0_, this_.puntaje as puntaje7_0_ from vista_recomendacion this_
[SCEC] 2017-04-06 21:39:28,317 DEBUG edu.uag.iidis.scec.persistencia.RecomendacionDAO.buscarTodos(51) : >buscarTodos() ---- list   2
[SCEC] 2017-04-06 21:39:28,323 DEBUG edu.uag.iidis.scec.persistencia.RecomendacionDAO.buscarTodos(52) : >buscarTodos() ---- contenido   [edu.uag.iidis.scec.modelo.Recomendacion@43b6123e[
  id=3
  nombrePais=México
  nombreEstado=Jalisco
  nombreMunicipio=Guadalajara
  idAtraccion=2
  nombreAtraccion=Agua Azul
  path=agua-azul-2
  puntaje=3
], edu.uag.iidis.scec.modelo.Recomendacion@70ab2d48[
  id=1
  nombrePais=México
  nombreEstado=Chiapas
  nombreMunicipio=Tuxtla Gutierrez
  idAtraccion=1
  nombreAtraccion=Parque de la Marimba
  path=parque-de-la-marimba-1
  puntaje=3
]]
[SCEC] 2017-04-06 21:39:28,324 DEBUG edu.uag.iidis.scec.persistencia.hibernate.HibernateUtil.commitTransaction(256) : >commitTransaction()
[SCEC] 2017-04-06 21:39:28,324 DEBUG edu.uag.iidis.scec.persistencia.hibernate.HibernateUtil.commitTransaction(264) : -Comprometiendo la transacción de este thread.
[SCEC] 2017-04-06 21:39:28,330 DEBUG edu.uag.iidis.scec.persistencia.hibernate.HibernateUtil.closeSession(204) : >closeSession()
[SCEC] 2017-04-06 21:39:28,331 DEBUG edu.uag.iidis.scec.persistencia.hibernate.HibernateUtil.closeSession(212) : -Cerrando la sesión local al thread.
[SCEC] 2017-04-06 21:39:28,336 DEBUG edu.uag.iidis.scec.persistencia.hibernate.HibernateUtil.beginTransaction(230) : >beginTransaction()
[SCEC] 2017-04-06 21:39:28,337 DEBUG edu.uag.iidis.scec.persistencia.hibernate.HibernateUtil.beginTransaction(237) : -Iniciando una nueva transacción de base de datos en este thread.
[SCEC] 2017-04-06 21:39:28,337 DEBUG edu.uag.iidis.scec.persistencia.hibernate.HibernateUtil.getSession(160) : >getSession()
[SCEC] 2017-04-06 21:39:28,338 DEBUG edu.uag.iidis.scec.persistencia.hibernate.HibernateUtil.getSession(167) : -Abriendo una nueva sesión para el thread.
[SCEC] 2017-04-06 21:39:28,338 DEBUG edu.uag.iidis.scec.persistencia.RecomendacionDAO.buscarTodos(43) : >buscarTodos()
[SCEC] 2017-04-06 21:39:28,338 DEBUG edu.uag.iidis.scec.persistencia.hibernate.HibernateUtil.getSession(160) : >getSession()
Hibernate: select this_.id as id7_0_, this_.nombrePais as nombrePais7_0_, this_.nombreEstado as nombreEs3_7_0_, this_.nombreMunicipio as nombreMu4_7_0_, this_.idAtraccion as idAtracc5_7_0_, this_.nombreAtraccion as nombreAt6_7_0_, this_.path as path7_0_, this_.puntaje as puntaje7_0_ from vista_recomendacion this_
[SCEC] 2017-04-06 21:39:28,341 DEBUG edu.uag.iidis.scec.persistencia.RecomendacionDAO.buscarTodos(51) : >buscarTodos() ---- list   2
[SCEC] 2017-04-06 21:39:28,341 DEBUG edu.uag.iidis.scec.persistencia.RecomendacionDAO.buscarTodos(52) : >buscarTodos() ---- contenido   [edu.uag.iidis.scec.modelo.Recomendacion@7f6f61c8[
  id=3
  nombrePais=México
  nombreEstado=Jalisco
  nombreMunicipio=Guadalajara
  idAtraccion=2
  nombreAtraccion=Agua Azul
  path=agua-azul-2
  puntaje=3
], edu.uag.iidis.scec.modelo.Recomendacion@4c2cc639[
  id=1
  nombrePais=México
  nombreEstado=Chiapas
  nombreMunicipio=Tuxtla Gutierrez
  idAtraccion=1
  nombreAtraccion=Parque de la Marimba
  path=parque-de-la-marimba-1
  puntaje=3
]]
[SCEC] 2017-04-06 21:39:28,342 DEBUG edu.uag.iidis.scec.persistencia.hibernate.HibernateUtil.commitTransaction(256) : >commitTransaction()
[SCEC] 2017-04-06 21:39:28,342 DEBUG edu.uag.iidis.scec.persistencia.hibernate.HibernateUtil.commitTransaction(264) : -Comprometiendo la transacción de este thread.
[SCEC] 2017-04-06 21:39:28,343 DEBUG edu.uag.iidis.scec.persistencia.hibernate.HibernateUtil.closeSession(204) : >closeSession()
[SCEC] 2017-04-06 21:39:28,343 DEBUG edu.uag.iidis.scec.persistencia.hibernate.HibernateUtil.closeSession(212) : -Cerrando la sesión local al thread.
]]></system-out>
  <system-err><![CDATA[]]></system-err>
</testsuite>
