<?xml version="1.0" encoding="UTF-8" ?>
<testsuites>
  <testsuite errors="0" failures="0" hostname="DESKTOP-VIP1QLO" id="0" name="AtraccionDAOTest" package="edu.uag.iidis.scec.pruebas" skipped="0" tests="4" time="1.978" timestamp="2017-04-07T01:25:47">
      <properties>
[...]
</properties>

      <testcase classname="edu.uag.iidis.scec.pruebas.AtraccionDAOTest" name="testBuscarAtraccion" time="1.826" />

      <testcase classname="edu.uag.iidis.scec.pruebas.AtraccionDAOTest" name="testBuscarAtraccionInvalido" time="0.011" />

      <testcase classname="edu.uag.iidis.scec.pruebas.AtraccionDAOTest" name="testbuscarAtraccionPorMunicipioInvalido" time="0.008" />

      <testcase classname="edu.uag.iidis.scec.pruebas.AtraccionDAOTest" name="testbuscarAtraccionPorMunicipio" time="0.009" />

      <system-out><![CDATA[[SCEC] 2017-04-06 20:25:47,718 DEBUG edu.uag.iidis.scec.persistencia.hibernate.HibernateUtil.<clinit>(69) : >creando sessionFactory
[SCEC] 2017-04-06 20:25:49,144 DEBUG edu.uag.iidis.scec.persistencia.hibernate.HibernateUtil.beginTransaction(230) : >beginTransaction()
[SCEC] 2017-04-06 20:25:49,144 DEBUG edu.uag.iidis.scec.persistencia.hibernate.HibernateUtil.beginTransaction(237) : -Iniciando una nueva transacción de base de datos en este thread.
[SCEC] 2017-04-06 20:25:49,145 DEBUG edu.uag.iidis.scec.persistencia.hibernate.HibernateUtil.getSession(160) : >getSession()
[SCEC] 2017-04-06 20:25:49,145 DEBUG edu.uag.iidis.scec.persistencia.hibernate.HibernateUtil.getSession(167) : -Abriendo una nueva sesión para el thread.
[SCEC] 2017-04-06 20:25:49,195 DEBUG edu.uag.iidis.scec.persistencia.AtraccionDAO.buscarAtraccion(39) : >ExisteAtraccion(nombreAtraccion)
[SCEC] 2017-04-06 20:25:49,195 DEBUG edu.uag.iidis.scec.persistencia.AtraccionDAO.buscarAtraccion(47) : from VistaAtraccion where nombreAtraccion= 'Parque de la marimba'Parque de la marimba
[SCEC] 2017-04-06 20:25:49,195 DEBUG edu.uag.iidis.scec.persistencia.hibernate.HibernateUtil.getSession(160) : >getSession()
[SCEC] 2017-04-06 20:25:49,337 DEBUG edu.uag.iidis.scec.persistencia.AtraccionDAO.buscarAtraccion(53) : <<<<<<<<< create query ok 
[SCEC] 2017-04-06 20:25:49,337 DEBUG edu.uag.iidis.scec.persistencia.AtraccionDAO.buscarAtraccion(56) : <<<<<<<<< set Parameter ok antes del query list >>>>>
Hibernate: select vistaatrac0_.id as id10_, vistaatrac0_.nombreAtraccion as nombreAt2_10_, vistaatrac0_.descripcion as descripc3_10_, vistaatrac0_.direccion as direccion10_, vistaatrac0_.path as path10_ from vista_atraccion vistaatrac0_ where vistaatrac0_.nombreAtraccion='Parque de la marimba'
[SCEC] 2017-04-06 20:25:49,476 DEBUG edu.uag.iidis.scec.persistencia.AtraccionDAO.buscarAtraccion(61) : <<<<<<<<< Result size 2
[SCEC] 2017-04-06 20:25:49,477 DEBUG edu.uag.iidis.scec.persistencia.hibernate.HibernateUtil.commitTransaction(256) : >commitTransaction()
[SCEC] 2017-04-06 20:25:49,477 DEBUG edu.uag.iidis.scec.persistencia.hibernate.HibernateUtil.commitTransaction(264) : -Comprometiendo la transacción de este thread.
[SCEC] 2017-04-06 20:25:49,532 DEBUG edu.uag.iidis.scec.persistencia.hibernate.HibernateUtil.closeSession(204) : >closeSession()
[SCEC] 2017-04-06 20:25:49,533 DEBUG edu.uag.iidis.scec.persistencia.hibernate.HibernateUtil.closeSession(212) : -Cerrando la sesión local al thread.
[SCEC] 2017-04-06 20:25:49,537 DEBUG edu.uag.iidis.scec.persistencia.hibernate.HibernateUtil.beginTransaction(230) : >beginTransaction()
[SCEC] 2017-04-06 20:25:49,539 DEBUG edu.uag.iidis.scec.persistencia.hibernate.HibernateUtil.beginTransaction(237) : -Iniciando una nueva transacción de base de datos en este thread.
[SCEC] 2017-04-06 20:25:49,539 DEBUG edu.uag.iidis.scec.persistencia.hibernate.HibernateUtil.getSession(160) : >getSession()
[SCEC] 2017-04-06 20:25:49,539 DEBUG edu.uag.iidis.scec.persistencia.hibernate.HibernateUtil.getSession(167) : -Abriendo una nueva sesión para el thread.
[SCEC] 2017-04-06 20:25:49,540 DEBUG edu.uag.iidis.scec.persistencia.AtraccionDAO.buscarAtraccion(39) : >ExisteAtraccion(nombreAtraccion)
[SCEC] 2017-04-06 20:25:49,540 DEBUG edu.uag.iidis.scec.persistencia.AtraccionDAO.buscarAtraccion(47) : from VistaAtraccion where nombreAtraccion= 'Parque Central'Parque Central
[SCEC] 2017-04-06 20:25:49,540 DEBUG edu.uag.iidis.scec.persistencia.hibernate.HibernateUtil.getSession(160) : >getSession()
[SCEC] 2017-04-06 20:25:49,544 DEBUG edu.uag.iidis.scec.persistencia.AtraccionDAO.buscarAtraccion(53) : <<<<<<<<< create query ok 
[SCEC] 2017-04-06 20:25:49,544 DEBUG edu.uag.iidis.scec.persistencia.AtraccionDAO.buscarAtraccion(56) : <<<<<<<<< set Parameter ok antes del query list >>>>>
Hibernate: select vistaatrac0_.id as id10_, vistaatrac0_.nombreAtraccion as nombreAt2_10_, vistaatrac0_.descripcion as descripc3_10_, vistaatrac0_.direccion as direccion10_, vistaatrac0_.path as path10_ from vista_atraccion vistaatrac0_ where vistaatrac0_.nombreAtraccion='Parque Central'
[SCEC] 2017-04-06 20:25:49,546 DEBUG edu.uag.iidis.scec.persistencia.AtraccionDAO.buscarAtraccion(61) : <<<<<<<<< Result size 0
[SCEC] 2017-04-06 20:25:49,546 DEBUG edu.uag.iidis.scec.persistencia.hibernate.HibernateUtil.commitTransaction(256) : >commitTransaction()
[SCEC] 2017-04-06 20:25:49,546 DEBUG edu.uag.iidis.scec.persistencia.hibernate.HibernateUtil.commitTransaction(264) : -Comprometiendo la transacción de este thread.
[SCEC] 2017-04-06 20:25:49,547 DEBUG edu.uag.iidis.scec.persistencia.hibernate.HibernateUtil.closeSession(204) : >closeSession()
[SCEC] 2017-04-06 20:25:49,547 DEBUG edu.uag.iidis.scec.persistencia.hibernate.HibernateUtil.closeSession(212) : -Cerrando la sesión local al thread.
[SCEC] 2017-04-06 20:25:49,548 DEBUG edu.uag.iidis.scec.persistencia.hibernate.HibernateUtil.beginTransaction(230) : >beginTransaction()
[SCEC] 2017-04-06 20:25:49,548 DEBUG edu.uag.iidis.scec.persistencia.hibernate.HibernateUtil.beginTransaction(237) : -Iniciando una nueva transacción de base de datos en este thread.
[SCEC] 2017-04-06 20:25:49,548 DEBUG edu.uag.iidis.scec.persistencia.hibernate.HibernateUtil.getSession(160) : >getSession()
[SCEC] 2017-04-06 20:25:49,548 DEBUG edu.uag.iidis.scec.persistencia.hibernate.HibernateUtil.getSession(167) : -Abriendo una nueva sesión para el thread.
[SCEC] 2017-04-06 20:25:49,549 DEBUG edu.uag.iidis.scec.persistencia.AtraccionDAO.buscarAtraccionPorMunicipio(154) : >buscarAtraccion(id)
[SCEC] 2017-04-06 20:25:49,549 DEBUG edu.uag.iidis.scec.persistencia.AtraccionDAO.buscarAtraccionPorMunicipio(161) : from Atraccion where idMunicipio= 500
[SCEC] 2017-04-06 20:25:49,549 DEBUG edu.uag.iidis.scec.persistencia.hibernate.HibernateUtil.getSession(160) : >getSession()
[SCEC] 2017-04-06 20:25:49,553 DEBUG edu.uag.iidis.scec.persistencia.AtraccionDAO.buscarAtraccionPorMunicipio(167) : <<<<<<<<< create query ok 
[SCEC] 2017-04-06 20:25:49,553 DEBUG edu.uag.iidis.scec.persistencia.AtraccionDAO.buscarAtraccionPorMunicipio(170) : <<<<<<<<< set Parameter ok antes del query list >>>>>
Hibernate: select atraccion0_.idAtraccion as idAtracc1_9_, atraccion0_.idMunicipio as idMunici2_9_, atraccion0_.nombreAtraccion as nombreAt3_9_ from Atraccion atraccion0_ where atraccion0_.idMunicipio=500
[SCEC] 2017-04-06 20:25:49,554 DEBUG edu.uag.iidis.scec.persistencia.AtraccionDAO.buscarAtraccionPorMunicipio(175) : <<<<<<<<< Result size 0
[SCEC] 2017-04-06 20:25:49,555 DEBUG edu.uag.iidis.scec.persistencia.hibernate.HibernateUtil.commitTransaction(256) : >commitTransaction()
[SCEC] 2017-04-06 20:25:49,555 DEBUG edu.uag.iidis.scec.persistencia.hibernate.HibernateUtil.commitTransaction(264) : -Comprometiendo la transacción de este thread.
[SCEC] 2017-04-06 20:25:49,555 DEBUG edu.uag.iidis.scec.persistencia.hibernate.HibernateUtil.closeSession(204) : >closeSession()
[SCEC] 2017-04-06 20:25:49,556 DEBUG edu.uag.iidis.scec.persistencia.hibernate.HibernateUtil.closeSession(212) : -Cerrando la sesión local al thread.
[SCEC] 2017-04-06 20:25:49,556 DEBUG edu.uag.iidis.scec.persistencia.hibernate.HibernateUtil.beginTransaction(230) : >beginTransaction()
[SCEC] 2017-04-06 20:25:49,556 DEBUG edu.uag.iidis.scec.persistencia.hibernate.HibernateUtil.beginTransaction(237) : -Iniciando una nueva transacción de base de datos en este thread.
[SCEC] 2017-04-06 20:25:49,557 DEBUG edu.uag.iidis.scec.persistencia.hibernate.HibernateUtil.getSession(160) : >getSession()
[SCEC] 2017-04-06 20:25:49,557 DEBUG edu.uag.iidis.scec.persistencia.hibernate.HibernateUtil.getSession(167) : -Abriendo una nueva sesión para el thread.
[SCEC] 2017-04-06 20:25:49,557 DEBUG edu.uag.iidis.scec.persistencia.AtraccionDAO.buscarAtraccionPorMunicipio(154) : >buscarAtraccion(id)
[SCEC] 2017-04-06 20:25:49,558 DEBUG edu.uag.iidis.scec.persistencia.AtraccionDAO.buscarAtraccionPorMunicipio(161) : from Atraccion where idMunicipio= 1
[SCEC] 2017-04-06 20:25:49,558 DEBUG edu.uag.iidis.scec.persistencia.hibernate.HibernateUtil.getSession(160) : >getSession()
[SCEC] 2017-04-06 20:25:49,562 DEBUG edu.uag.iidis.scec.persistencia.AtraccionDAO.buscarAtraccionPorMunicipio(167) : <<<<<<<<< create query ok 
[SCEC] 2017-04-06 20:25:49,562 DEBUG edu.uag.iidis.scec.persistencia.AtraccionDAO.buscarAtraccionPorMunicipio(170) : <<<<<<<<< set Parameter ok antes del query list >>>>>
Hibernate: select atraccion0_.idAtraccion as idAtracc1_9_, atraccion0_.idMunicipio as idMunici2_9_, atraccion0_.nombreAtraccion as nombreAt3_9_ from Atraccion atraccion0_ where atraccion0_.idMunicipio=1
[SCEC] 2017-04-06 20:25:49,563 DEBUG edu.uag.iidis.scec.persistencia.AtraccionDAO.buscarAtraccionPorMunicipio(175) : <<<<<<<<< Result size 1
[SCEC] 2017-04-06 20:25:49,564 DEBUG edu.uag.iidis.scec.persistencia.hibernate.HibernateUtil.commitTransaction(256) : >commitTransaction()
[SCEC] 2017-04-06 20:25:49,564 DEBUG edu.uag.iidis.scec.persistencia.hibernate.HibernateUtil.commitTransaction(264) : -Comprometiendo la transacción de este thread.
[SCEC] 2017-04-06 20:25:49,564 DEBUG edu.uag.iidis.scec.persistencia.hibernate.HibernateUtil.closeSession(204) : >closeSession()
[SCEC] 2017-04-06 20:25:49,564 DEBUG edu.uag.iidis.scec.persistencia.hibernate.HibernateUtil.closeSession(212) : -Cerrando la sesión local al thread.
]]></system-out>

      <system-err><![CDATA[]]></system-err>

  </testsuite>
  <testsuite errors="0" failures="2" hostname="DESKTOP-VIP1QLO" id="1" name="CalificacionDAOTest" package="edu.uag.iidis.scec.pruebas" skipped="0" tests="6" time="2.266" timestamp="2017-04-07T02:34:51">
      <properties>
[...]
</properties>

      <testcase classname="edu.uag.iidis.scec.pruebas.CalificacionDAOTest" name="testHazPersistente" time="1.76" />

      <testcase classname="edu.uag.iidis.scec.pruebas.CalificacionDAOTest" name="testHazPersistenteInvalido" time="0.037">
          <failure message="Fallo" type="junit.framework.AssertionFailedError">junit.framework.AssertionFailedError: Fallo
	at edu.uag.iidis.scec.pruebas.CalificacionDAOTest.testHazPersistenteInvalido(CalificacionDAOTest.java:128)
	at junit.extensions.TestDecorator.basicRun(TestDecorator.java:23)
	at junit.extensions.TestSetup$1.protect(TestSetup.java:23)
	at junit.extensions.TestSetup.run(TestSetup.java:27)
</failure>

      </testcase>

      <testcase classname="edu.uag.iidis.scec.pruebas.CalificacionDAOTest" name="testBuscarTodosInvalido" time="0.065">
          <failure message="Si no hay datos en la tabla success" type="junit.framework.AssertionFailedError">junit.framework.AssertionFailedError: Si no hay datos en la tabla success
	at edu.uag.iidis.scec.pruebas.CalificacionDAOTest.testBuscarTodosInvalido(CalificacionDAOTest.java:90)
	at junit.extensions.TestDecorator.basicRun(TestDecorator.java:23)
	at junit.extensions.TestSetup$1.protect(TestSetup.java:23)
	at junit.extensions.TestSetup.run(TestSetup.java:27)
</failure>

      </testcase>

      <testcase classname="edu.uag.iidis.scec.pruebas.CalificacionDAOTest" name="testbuscarPorAtraccionInvalido" time="0.259" />

      <testcase classname="edu.uag.iidis.scec.pruebas.CalificacionDAOTest" name="testbuscarPorAtraccion" time="0.017" />

      <testcase classname="edu.uag.iidis.scec.pruebas.CalificacionDAOTest" name="testBuscarTodos" time="0.005" />

      <system-out><![CDATA[[SCEC] 2017-04-06 21:34:51,651 DEBUG edu.uag.iidis.scec.persistencia.hibernate.HibernateUtil.<clinit>(69) : >creando sessionFactory
[SCEC] 2017-04-06 21:34:53,119 DEBUG edu.uag.iidis.scec.persistencia.hibernate.HibernateUtil.beginTransaction(230) : >beginTransaction()
[SCEC] 2017-04-06 21:34:53,119 DEBUG edu.uag.iidis.scec.persistencia.hibernate.HibernateUtil.beginTransaction(237) : -Iniciando una nueva transacción de base de datos en este thread.
[SCEC] 2017-04-06 21:34:53,119 DEBUG edu.uag.iidis.scec.persistencia.hibernate.HibernateUtil.getSession(160) : >getSession()
[SCEC] 2017-04-06 21:34:53,120 DEBUG edu.uag.iidis.scec.persistencia.hibernate.HibernateUtil.getSession(167) : -Abriendo una nueva sesión para el thread.
[SCEC] 2017-04-06 21:34:53,166 DEBUG edu.uag.iidis.scec.persistencia.CalificacionDAO.hazPersistente(107) : >hazPersistente(calificacion)
[SCEC] 2017-04-06 21:34:53,166 DEBUG edu.uag.iidis.scec.persistencia.hibernate.HibernateUtil.getSession(160) : >getSession()
Hibernate: select max(id) from Calificacion
[SCEC] 2017-04-06 21:34:53,320 DEBUG edu.uag.iidis.scec.persistencia.hibernate.HibernateUtil.commitTransaction(256) : >commitTransaction()
[SCEC] 2017-04-06 21:34:53,321 DEBUG edu.uag.iidis.scec.persistencia.hibernate.HibernateUtil.commitTransaction(264) : -Comprometiendo la transacción de este thread.
Hibernate: insert into Calificacion (puntaje, nombreAtraccion, comentario, id) values (?, ?, ?, ?)
[SCEC] 2017-04-06 21:34:53,394 DEBUG edu.uag.iidis.scec.persistencia.hibernate.HibernateUtil.closeSession(204) : >closeSession()
[SCEC] 2017-04-06 21:34:53,395 DEBUG edu.uag.iidis.scec.persistencia.hibernate.HibernateUtil.closeSession(212) : -Cerrando la sesión local al thread.
[SCEC] 2017-04-06 21:34:53,407 DEBUG edu.uag.iidis.scec.persistencia.hibernate.HibernateUtil.beginTransaction(230) : >beginTransaction()
[SCEC] 2017-04-06 21:34:53,408 DEBUG edu.uag.iidis.scec.persistencia.hibernate.HibernateUtil.beginTransaction(237) : -Iniciando una nueva transacción de base de datos en este thread.
[SCEC] 2017-04-06 21:34:53,408 DEBUG edu.uag.iidis.scec.persistencia.hibernate.HibernateUtil.getSession(160) : >getSession()
[SCEC] 2017-04-06 21:34:53,409 DEBUG edu.uag.iidis.scec.persistencia.hibernate.HibernateUtil.getSession(167) : -Abriendo una nueva sesión para el thread.
[SCEC] 2017-04-06 21:34:53,410 DEBUG edu.uag.iidis.scec.persistencia.CalificacionDAO.hazPersistente(107) : >hazPersistente(calificacion)
[SCEC] 2017-04-06 21:34:53,413 DEBUG edu.uag.iidis.scec.persistencia.hibernate.HibernateUtil.getSession(160) : >getSession()
[SCEC] 2017-04-06 21:34:53,413 DEBUG edu.uag.iidis.scec.persistencia.hibernate.HibernateUtil.commitTransaction(256) : >commitTransaction()
[SCEC] 2017-04-06 21:34:53,414 DEBUG edu.uag.iidis.scec.persistencia.hibernate.HibernateUtil.commitTransaction(264) : -Comprometiendo la transacción de este thread.
Hibernate: insert into Calificacion (puntaje, nombreAtraccion, comentario, id) values (?, ?, ?, ?)
[SCEC] 2017-04-06 21:34:53,436 DEBUG edu.uag.iidis.scec.persistencia.hibernate.HibernateUtil.closeSession(204) : >closeSession()
[SCEC] 2017-04-06 21:34:53,437 DEBUG edu.uag.iidis.scec.persistencia.hibernate.HibernateUtil.closeSession(212) : -Cerrando la sesión local al thread.
[SCEC] 2017-04-06 21:34:53,445 DEBUG edu.uag.iidis.scec.persistencia.hibernate.HibernateUtil.beginTransaction(230) : >beginTransaction()
[SCEC] 2017-04-06 21:34:53,445 DEBUG edu.uag.iidis.scec.persistencia.hibernate.HibernateUtil.beginTransaction(237) : -Iniciando una nueva transacción de base de datos en este thread.
[SCEC] 2017-04-06 21:34:53,446 DEBUG edu.uag.iidis.scec.persistencia.hibernate.HibernateUtil.getSession(160) : >getSession()
[SCEC] 2017-04-06 21:34:53,447 DEBUG edu.uag.iidis.scec.persistencia.hibernate.HibernateUtil.getSession(167) : -Abriendo una nueva sesión para el thread.
[SCEC] 2017-04-06 21:34:53,447 DEBUG edu.uag.iidis.scec.persistencia.CalificacionDAO.buscarTodos(87) : >buscarTodos()
[SCEC] 2017-04-06 21:34:53,448 DEBUG edu.uag.iidis.scec.persistencia.hibernate.HibernateUtil.getSession(160) : >getSession()
Hibernate: select this_.id as id8_0_, this_.puntaje as puntaje8_0_, this_.nombreAtraccion as nombreAt3_8_0_, this_.comentario as comentario8_0_ from Calificacion this_
[SCEC] 2017-04-06 21:34:53,506 DEBUG edu.uag.iidis.scec.persistencia.hibernate.HibernateUtil.commitTransaction(256) : >commitTransaction()
[SCEC] 2017-04-06 21:34:53,506 DEBUG edu.uag.iidis.scec.persistencia.hibernate.HibernateUtil.commitTransaction(264) : -Comprometiendo la transacción de este thread.
[SCEC] 2017-04-06 21:34:53,507 DEBUG edu.uag.iidis.scec.persistencia.hibernate.HibernateUtil.closeSession(204) : >closeSession()
[SCEC] 2017-04-06 21:34:53,508 DEBUG edu.uag.iidis.scec.persistencia.hibernate.HibernateUtil.closeSession(212) : -Cerrando la sesión local al thread.
[SCEC] 2017-04-06 21:34:53,510 DEBUG edu.uag.iidis.scec.persistencia.hibernate.HibernateUtil.beginTransaction(230) : >beginTransaction()
[SCEC] 2017-04-06 21:34:53,510 DEBUG edu.uag.iidis.scec.persistencia.hibernate.HibernateUtil.beginTransaction(237) : -Iniciando una nueva transacción de base de datos en este thread.
[SCEC] 2017-04-06 21:34:53,511 DEBUG edu.uag.iidis.scec.persistencia.hibernate.HibernateUtil.getSession(160) : >getSession()
[SCEC] 2017-04-06 21:34:53,511 DEBUG edu.uag.iidis.scec.persistencia.hibernate.HibernateUtil.getSession(167) : -Abriendo una nueva sesión para el thread.
[SCEC] 2017-04-06 21:34:53,511 DEBUG edu.uag.iidis.scec.persistencia.CalificacionDAO.buscarPorAtraccion(38) : >existeAtraccion(nombreAtraccion)
[SCEC] 2017-04-06 21:34:53,511 DEBUG edu.uag.iidis.scec.persistencia.CalificacionDAO.buscarPorAtraccion(46) : from Calificacion where nombreAtraccion='Cerro hueco'Cerro hueco
[SCEC] 2017-04-06 21:34:53,512 DEBUG edu.uag.iidis.scec.persistencia.hibernate.HibernateUtil.getSession(160) : >getSession()
[SCEC] 2017-04-06 21:34:53,764 DEBUG edu.uag.iidis.scec.persistencia.CalificacionDAO.buscarPorAtraccion(52) : <<<<<<<<< create query ok 
[SCEC] 2017-04-06 21:34:53,764 DEBUG edu.uag.iidis.scec.persistencia.CalificacionDAO.buscarPorAtraccion(55) : <<<<<<<<< set Parameter ok antes del query list >>>>>
Hibernate: select calificaci0_.id as id8_, calificaci0_.puntaje as puntaje8_, calificaci0_.nombreAtraccion as nombreAt3_8_, calificaci0_.comentario as comentario8_ from Calificacion calificaci0_ where calificaci0_.nombreAtraccion='Cerro hueco'
[SCEC] 2017-04-06 21:34:53,768 DEBUG edu.uag.iidis.scec.persistencia.CalificacionDAO.buscarPorAtraccion(60) : <<<<<<<<< Result size 0
[SCEC] 2017-04-06 21:34:53,768 DEBUG edu.uag.iidis.scec.persistencia.hibernate.HibernateUtil.commitTransaction(256) : >commitTransaction()
[SCEC] 2017-04-06 21:34:53,768 DEBUG edu.uag.iidis.scec.persistencia.hibernate.HibernateUtil.commitTransaction(264) : -Comprometiendo la transacción de este thread.
[SCEC] 2017-04-06 21:34:53,769 DEBUG edu.uag.iidis.scec.persistencia.hibernate.HibernateUtil.closeSession(204) : >closeSession()
[SCEC] 2017-04-06 21:34:53,769 DEBUG edu.uag.iidis.scec.persistencia.hibernate.HibernateUtil.closeSession(212) : -Cerrando la sesión local al thread.
[SCEC] 2017-04-06 21:34:53,770 DEBUG edu.uag.iidis.scec.persistencia.hibernate.HibernateUtil.beginTransaction(230) : >beginTransaction()
[SCEC] 2017-04-06 21:34:53,770 DEBUG edu.uag.iidis.scec.persistencia.hibernate.HibernateUtil.beginTransaction(237) : -Iniciando una nueva transacción de base de datos en este thread.
[SCEC] 2017-04-06 21:34:53,770 DEBUG edu.uag.iidis.scec.persistencia.hibernate.HibernateUtil.getSession(160) : >getSession()
[SCEC] 2017-04-06 21:34:53,770 DEBUG edu.uag.iidis.scec.persistencia.hibernate.HibernateUtil.getSession(167) : -Abriendo una nueva sesión para el thread.
[SCEC] 2017-04-06 21:34:53,770 DEBUG edu.uag.iidis.scec.persistencia.CalificacionDAO.buscarPorAtraccion(38) : >existeAtraccion(nombreAtraccion)
[SCEC] 2017-04-06 21:34:53,770 DEBUG edu.uag.iidis.scec.persistencia.CalificacionDAO.buscarPorAtraccion(46) : from Calificacion where nombreAtraccion='Parque de la marimba'Parque de la marimba
[SCEC] 2017-04-06 21:34:53,771 DEBUG edu.uag.iidis.scec.persistencia.hibernate.HibernateUtil.getSession(160) : >getSession()
[SCEC] 2017-04-06 21:34:53,775 DEBUG edu.uag.iidis.scec.persistencia.CalificacionDAO.buscarPorAtraccion(52) : <<<<<<<<< create query ok 
[SCEC] 2017-04-06 21:34:53,775 DEBUG edu.uag.iidis.scec.persistencia.CalificacionDAO.buscarPorAtraccion(55) : <<<<<<<<< set Parameter ok antes del query list >>>>>
Hibernate: select calificaci0_.id as id8_, calificaci0_.puntaje as puntaje8_, calificaci0_.nombreAtraccion as nombreAt3_8_, calificaci0_.comentario as comentario8_ from Calificacion calificaci0_ where calificaci0_.nombreAtraccion='Parque de la marimba'
[SCEC] 2017-04-06 21:34:53,783 DEBUG edu.uag.iidis.scec.persistencia.CalificacionDAO.buscarPorAtraccion(60) : <<<<<<<<< Result size 7
[SCEC] 2017-04-06 21:34:53,783 DEBUG edu.uag.iidis.scec.persistencia.hibernate.HibernateUtil.commitTransaction(256) : >commitTransaction()
[SCEC] 2017-04-06 21:34:53,783 DEBUG edu.uag.iidis.scec.persistencia.hibernate.HibernateUtil.commitTransaction(264) : -Comprometiendo la transacción de este thread.
[SCEC] 2017-04-06 21:34:53,785 DEBUG edu.uag.iidis.scec.persistencia.hibernate.HibernateUtil.closeSession(204) : >closeSession()
[SCEC] 2017-04-06 21:34:53,785 DEBUG edu.uag.iidis.scec.persistencia.hibernate.HibernateUtil.closeSession(212) : -Cerrando la sesión local al thread.
[SCEC] 2017-04-06 21:34:53,786 DEBUG edu.uag.iidis.scec.persistencia.hibernate.HibernateUtil.beginTransaction(230) : >beginTransaction()
[SCEC] 2017-04-06 21:34:53,786 DEBUG edu.uag.iidis.scec.persistencia.hibernate.HibernateUtil.beginTransaction(237) : -Iniciando una nueva transacción de base de datos en este thread.
[SCEC] 2017-04-06 21:34:53,786 DEBUG edu.uag.iidis.scec.persistencia.hibernate.HibernateUtil.getSession(160) : >getSession()
[SCEC] 2017-04-06 21:34:53,786 DEBUG edu.uag.iidis.scec.persistencia.hibernate.HibernateUtil.getSession(167) : -Abriendo una nueva sesión para el thread.
[SCEC] 2017-04-06 21:34:53,786 DEBUG edu.uag.iidis.scec.persistencia.CalificacionDAO.buscarTodos(87) : >buscarTodos()
[SCEC] 2017-04-06 21:34:53,786 DEBUG edu.uag.iidis.scec.persistencia.hibernate.HibernateUtil.getSession(160) : >getSession()
Hibernate: select this_.id as id8_0_, this_.puntaje as puntaje8_0_, this_.nombreAtraccion as nombreAt3_8_0_, this_.comentario as comentario8_0_ from Calificacion this_
[SCEC] 2017-04-06 21:34:53,789 DEBUG edu.uag.iidis.scec.persistencia.hibernate.HibernateUtil.commitTransaction(256) : >commitTransaction()
[SCEC] 2017-04-06 21:34:53,789 DEBUG edu.uag.iidis.scec.persistencia.hibernate.HibernateUtil.commitTransaction(264) : -Comprometiendo la transacción de este thread.
[SCEC] 2017-04-06 21:34:53,790 DEBUG edu.uag.iidis.scec.persistencia.hibernate.HibernateUtil.closeSession(204) : >closeSession()
[SCEC] 2017-04-06 21:34:53,790 DEBUG edu.uag.iidis.scec.persistencia.hibernate.HibernateUtil.closeSession(212) : -Cerrando la sesión local al thread.
]]></system-out>

      <system-err><![CDATA[]]></system-err>

  </testsuite>
  <testsuite errors="0" failures="0" hostname="DESKTOP-VIP1QLO" id="2" name="LoginDAOTest" package="edu.uag.iidis.scec.pruebas" skipped="0" tests="2" time="2.021" timestamp="2017-04-07T02:32:28">
      <properties>
[...]
</properties>

      <testcase classname="edu.uag.iidis.scec.pruebas.LoginDAOTest" name="testBuscarLogin" time="1.884" />

      <testcase classname="edu.uag.iidis.scec.pruebas.LoginDAOTest" name="testBuscarLoginInvalido" time="0.012" />

      <system-out><![CDATA[[SCEC] 2017-04-06 21:32:28,957 DEBUG edu.uag.iidis.scec.persistencia.hibernate.HibernateUtil.<clinit>(69) : >creando sessionFactory
[SCEC] 2017-04-06 21:32:30,403 DEBUG edu.uag.iidis.scec.persistencia.hibernate.HibernateUtil.beginTransaction(230) : >beginTransaction()
[SCEC] 2017-04-06 21:32:30,403 DEBUG edu.uag.iidis.scec.persistencia.hibernate.HibernateUtil.beginTransaction(237) : -Iniciando una nueva transacción de base de datos en este thread.
[SCEC] 2017-04-06 21:32:30,404 DEBUG edu.uag.iidis.scec.persistencia.hibernate.HibernateUtil.getSession(160) : >getSession()
[SCEC] 2017-04-06 21:32:30,404 DEBUG edu.uag.iidis.scec.persistencia.hibernate.HibernateUtil.getSession(167) : -Abriendo una nueva sesión para el thread.
[SCEC] 2017-04-06 21:32:30,450 DEBUG edu.uag.iidis.scec.persistencia.LoginDAO.buscarLogin(40) : >existeRol(nombreRol)
[SCEC] 2017-04-06 21:32:30,451 DEBUG edu.uag.iidis.scec.persistencia.LoginDAO.buscarLogin(48) : from Usuario where credencial.nombreUsuario= 'root' and credencial.claveAcceso = 'root'root
[SCEC] 2017-04-06 21:32:30,451 DEBUG edu.uag.iidis.scec.persistencia.hibernate.HibernateUtil.getSession(160) : >getSession()
[SCEC] 2017-04-06 21:32:30,589 DEBUG edu.uag.iidis.scec.persistencia.LoginDAO.buscarLogin(54) : <<<<<<<<< create query ok 
[SCEC] 2017-04-06 21:32:30,589 DEBUG edu.uag.iidis.scec.persistencia.LoginDAO.buscarLogin(57) : <<<<<<<<< set Parameter ok antes del query list >>>>>
Hibernate: select usuario0_.idUsuario as idUsuario0_, usuario0_.nombrePrefijo as nombrePr2_0_, usuario0_.nombreNombre as nombreNo3_0_, usuario0_.nombreApellidoPaterno as nombreAp4_0_, usuario0_.nombreApellidoMaterno as nombreAp5_0_, usuario0_.nombrePosfijo as nombrePo6_0_, usuario0_.nombreIniciales as nombreIn7_0_, usuario0_.nombreUsuario as nombreUs8_0_, usuario0_.claveAcceso as claveAcc9_0_ from Usuarios usuario0_ where usuario0_.nombreUsuario='root' and usuario0_.claveAcceso='root'
Hibernate: select roles0_.idUsuario as idUsuario0_1_, roles0_.idRol as idRol1_, rol1_.idRol as idRol2_0_, rol1_.nombre as nombre2_0_, rol1_.descripcion as descripc3_2_0_ from UsuarioRol roles0_ inner join Roles rol1_ on roles0_.idRol=rol1_.idRol where roles0_.idUsuario=?
[SCEC] 2017-04-06 21:32:30,822 DEBUG edu.uag.iidis.scec.persistencia.LoginDAO.buscarLogin(62) : <<<<<<<<< Result size 1
[SCEC] 2017-04-06 21:32:30,822 DEBUG edu.uag.iidis.scec.persistencia.hibernate.HibernateUtil.commitTransaction(256) : >commitTransaction()
[SCEC] 2017-04-06 21:32:30,823 DEBUG edu.uag.iidis.scec.persistencia.hibernate.HibernateUtil.commitTransaction(264) : -Comprometiendo la transacción de este thread.
[SCEC] 2017-04-06 21:32:30,834 DEBUG edu.uag.iidis.scec.persistencia.hibernate.HibernateUtil.closeSession(204) : >closeSession()
[SCEC] 2017-04-06 21:32:30,834 DEBUG edu.uag.iidis.scec.persistencia.hibernate.HibernateUtil.closeSession(212) : -Cerrando la sesión local al thread.
[SCEC] 2017-04-06 21:32:30,838 DEBUG edu.uag.iidis.scec.persistencia.hibernate.HibernateUtil.beginTransaction(230) : >beginTransaction()
[SCEC] 2017-04-06 21:32:30,839 DEBUG edu.uag.iidis.scec.persistencia.hibernate.HibernateUtil.beginTransaction(237) : -Iniciando una nueva transacción de base de datos en este thread.
[SCEC] 2017-04-06 21:32:30,839 DEBUG edu.uag.iidis.scec.persistencia.hibernate.HibernateUtil.getSession(160) : >getSession()
[SCEC] 2017-04-06 21:32:30,840 DEBUG edu.uag.iidis.scec.persistencia.hibernate.HibernateUtil.getSession(167) : -Abriendo una nueva sesión para el thread.
[SCEC] 2017-04-06 21:32:30,840 DEBUG edu.uag.iidis.scec.persistencia.LoginDAO.buscarLogin(40) : >existeRol(nombreRol)
[SCEC] 2017-04-06 21:32:30,840 DEBUG edu.uag.iidis.scec.persistencia.LoginDAO.buscarLogin(48) : from Usuario where credencial.nombreUsuario= 'root' and credencial.claveAcceso = ''root
[SCEC] 2017-04-06 21:32:30,840 DEBUG edu.uag.iidis.scec.persistencia.hibernate.HibernateUtil.getSession(160) : >getSession()
[SCEC] 2017-04-06 21:32:30,846 DEBUG edu.uag.iidis.scec.persistencia.LoginDAO.buscarLogin(54) : <<<<<<<<< create query ok 
[SCEC] 2017-04-06 21:32:30,846 DEBUG edu.uag.iidis.scec.persistencia.LoginDAO.buscarLogin(57) : <<<<<<<<< set Parameter ok antes del query list >>>>>
Hibernate: select usuario0_.idUsuario as idUsuario0_, usuario0_.nombrePrefijo as nombrePr2_0_, usuario0_.nombreNombre as nombreNo3_0_, usuario0_.nombreApellidoPaterno as nombreAp4_0_, usuario0_.nombreApellidoMaterno as nombreAp5_0_, usuario0_.nombrePosfijo as nombrePo6_0_, usuario0_.nombreIniciales as nombreIn7_0_, usuario0_.nombreUsuario as nombreUs8_0_, usuario0_.claveAcceso as claveAcc9_0_ from Usuarios usuario0_ where usuario0_.nombreUsuario='root' and usuario0_.claveAcceso=''
[SCEC] 2017-04-06 21:32:30,848 DEBUG edu.uag.iidis.scec.persistencia.LoginDAO.buscarLogin(62) : <<<<<<<<< Result size 0
[SCEC] 2017-04-06 21:32:30,848 DEBUG edu.uag.iidis.scec.persistencia.hibernate.HibernateUtil.commitTransaction(256) : >commitTransaction()
[SCEC] 2017-04-06 21:32:30,848 DEBUG edu.uag.iidis.scec.persistencia.hibernate.HibernateUtil.commitTransaction(264) : -Comprometiendo la transacción de este thread.
[SCEC] 2017-04-06 21:32:30,849 DEBUG edu.uag.iidis.scec.persistencia.hibernate.HibernateUtil.closeSession(204) : >closeSession()
[SCEC] 2017-04-06 21:32:30,849 DEBUG edu.uag.iidis.scec.persistencia.hibernate.HibernateUtil.closeSession(212) : -Cerrando la sesión local al thread.
]]></system-out>

      <system-err><![CDATA[]]></system-err>

  </testsuite>
  <testsuite errors="0" failures="1" hostname="DESKTOP-VIP1QLO" id="3" name="LugarDAOTest" package="edu.uag.iidis.scec.pruebas" skipped="0" tests="6" time="2.385" timestamp="2017-04-07T02:35:49">
      <properties>
[...]
</properties>

      <testcase classname="edu.uag.iidis.scec.pruebas.LugarDAOTest" name="testBuscarEstado" time="2.202" />

      <testcase classname="edu.uag.iidis.scec.pruebas.LugarDAOTest" name="testBuscarPaises" time="0.025" />

      <testcase classname="edu.uag.iidis.scec.pruebas.LugarDAOTest" name="testBuscarEstadoInvalido" time="0.007" />

      <testcase classname="edu.uag.iidis.scec.pruebas.LugarDAOTest" name="testBuscarMunicipioInvalido" time="0.007" />

      <testcase classname="edu.uag.iidis.scec.pruebas.LugarDAOTest" name="testBuscarMunicipio" time="0.007" />

      <testcase classname="edu.uag.iidis.scec.pruebas.LugarDAOTest" name="testBuscarPaisesInvalido" time="0.006">
          <failure message="Si no hay datos en la tabla success" type="junit.framework.AssertionFailedError">junit.framework.AssertionFailedError: Si no hay datos en la tabla success
	at edu.uag.iidis.scec.pruebas.LugarDAOTest.testBuscarPaisesInvalido(LugarDAOTest.java:55)
	at junit.extensions.TestDecorator.basicRun(TestDecorator.java:23)
	at junit.extensions.TestSetup$1.protect(TestSetup.java:23)
	at junit.extensions.TestSetup.run(TestSetup.java:27)
</failure>

      </testcase>

      <system-out><![CDATA[[SCEC] 2017-04-06 21:35:49,544 DEBUG edu.uag.iidis.scec.persistencia.hibernate.HibernateUtil.<clinit>(69) : >creando sessionFactory
[SCEC] 2017-04-06 21:35:51,179 DEBUG edu.uag.iidis.scec.persistencia.hibernate.HibernateUtil.beginTransaction(230) : >beginTransaction()
[SCEC] 2017-04-06 21:35:51,180 DEBUG edu.uag.iidis.scec.persistencia.hibernate.HibernateUtil.beginTransaction(237) : -Iniciando una nueva transacción de base de datos en este thread.
[SCEC] 2017-04-06 21:35:51,180 DEBUG edu.uag.iidis.scec.persistencia.hibernate.HibernateUtil.getSession(160) : >getSession()
[SCEC] 2017-04-06 21:35:51,181 DEBUG edu.uag.iidis.scec.persistencia.hibernate.HibernateUtil.getSession(167) : -Abriendo una nueva sesión para el thread.
[SCEC] 2017-04-06 21:35:51,262 DEBUG edu.uag.iidis.scec.persistencia.LugarDAO.buscarEstado(71) : >buscarEstado(id)
[SCEC] 2017-04-06 21:35:51,264 DEBUG edu.uag.iidis.scec.persistencia.LugarDAO.buscarEstado(78) : from Estado where idPais= 1
[SCEC] 2017-04-06 21:35:51,264 DEBUG edu.uag.iidis.scec.persistencia.hibernate.HibernateUtil.getSession(160) : >getSession()
[SCEC] 2017-04-06 21:35:51,486 DEBUG edu.uag.iidis.scec.persistencia.LugarDAO.buscarEstado(84) : <<<<<<<<< create query ok 
[SCEC] 2017-04-06 21:35:51,486 DEBUG edu.uag.iidis.scec.persistencia.LugarDAO.buscarEstado(87) : <<<<<<<<< set Parameter ok antes del query list >>>>>
Hibernate: select estado0_.idEstado as idEstado4_, estado0_.idPais as idPais4_, estado0_.nombreEstado as nombreEs3_4_ from Estado estado0_ where estado0_.idPais=1
[SCEC] 2017-04-06 21:35:51,680 DEBUG edu.uag.iidis.scec.persistencia.LugarDAO.buscarEstado(92) : <<<<<<<<< Result size 4
[SCEC] 2017-04-06 21:35:51,680 DEBUG edu.uag.iidis.scec.persistencia.hibernate.HibernateUtil.commitTransaction(256) : >commitTransaction()
[SCEC] 2017-04-06 21:35:51,680 DEBUG edu.uag.iidis.scec.persistencia.hibernate.HibernateUtil.commitTransaction(264) : -Comprometiendo la transacción de este thread.
[SCEC] 2017-04-06 21:35:51,690 DEBUG edu.uag.iidis.scec.persistencia.hibernate.HibernateUtil.closeSession(204) : >closeSession()
[SCEC] 2017-04-06 21:35:51,690 DEBUG edu.uag.iidis.scec.persistencia.hibernate.HibernateUtil.closeSession(212) : -Cerrando la sesión local al thread.
[SCEC] 2017-04-06 21:35:51,743 DEBUG edu.uag.iidis.scec.persistencia.hibernate.HibernateUtil.beginTransaction(230) : >beginTransaction()
[SCEC] 2017-04-06 21:35:51,745 DEBUG edu.uag.iidis.scec.persistencia.hibernate.HibernateUtil.beginTransaction(237) : -Iniciando una nueva transacción de base de datos en este thread.
[SCEC] 2017-04-06 21:35:51,745 DEBUG edu.uag.iidis.scec.persistencia.hibernate.HibernateUtil.getSession(160) : >getSession()
[SCEC] 2017-04-06 21:35:51,746 DEBUG edu.uag.iidis.scec.persistencia.hibernate.HibernateUtil.getSession(167) : -Abriendo una nueva sesión para el thread.
[SCEC] 2017-04-06 21:35:51,746 DEBUG edu.uag.iidis.scec.persistencia.LugarDAO.buscarPaises(42) : >buscarTodos()
[SCEC] 2017-04-06 21:35:51,747 DEBUG edu.uag.iidis.scec.persistencia.hibernate.HibernateUtil.getSession(160) : >getSession()
Hibernate: select this_.idPais as idPais5_0_, this_.nombrePais as nombrePais5_0_ from Pais this_
[SCEC] 2017-04-06 21:35:51,759 DEBUG edu.uag.iidis.scec.persistencia.LugarDAO.buscarPaises(50) : >buscarTodos() ---- list   2
[SCEC] 2017-04-06 21:35:51,766 DEBUG edu.uag.iidis.scec.persistencia.LugarDAO.buscarPaises(51) : >buscarTodos() ---- contenido   [edu.uag.iidis.scec.modelo.Pais@5c87bfe2[
  idPais=1
  nombrePais=México
], edu.uag.iidis.scec.modelo.Pais@2fea7088[
  idPais=2
  nombrePais=España
]]
[SCEC] 2017-04-06 21:35:51,766 DEBUG edu.uag.iidis.scec.persistencia.hibernate.HibernateUtil.commitTransaction(256) : >commitTransaction()
[SCEC] 2017-04-06 21:35:51,766 DEBUG edu.uag.iidis.scec.persistencia.hibernate.HibernateUtil.commitTransaction(264) : -Comprometiendo la transacción de este thread.
[SCEC] 2017-04-06 21:35:51,767 DEBUG edu.uag.iidis.scec.persistencia.hibernate.HibernateUtil.closeSession(204) : >closeSession()
[SCEC] 2017-04-06 21:35:51,767 DEBUG edu.uag.iidis.scec.persistencia.hibernate.HibernateUtil.closeSession(212) : -Cerrando la sesión local al thread.
[SCEC] 2017-04-06 21:35:51,768 DEBUG edu.uag.iidis.scec.persistencia.hibernate.HibernateUtil.beginTransaction(230) : >beginTransaction()
[SCEC] 2017-04-06 21:35:51,768 DEBUG edu.uag.iidis.scec.persistencia.hibernate.HibernateUtil.beginTransaction(237) : -Iniciando una nueva transacción de base de datos en este thread.
[SCEC] 2017-04-06 21:35:51,769 DEBUG edu.uag.iidis.scec.persistencia.hibernate.HibernateUtil.getSession(160) : >getSession()
[SCEC] 2017-04-06 21:35:51,769 DEBUG edu.uag.iidis.scec.persistencia.hibernate.HibernateUtil.getSession(167) : -Abriendo una nueva sesión para el thread.
[SCEC] 2017-04-06 21:35:51,770 DEBUG edu.uag.iidis.scec.persistencia.LugarDAO.buscarEstado(71) : >buscarEstado(id)
[SCEC] 2017-04-06 21:35:51,770 DEBUG edu.uag.iidis.scec.persistencia.LugarDAO.buscarEstado(78) : from Estado where idPais= 500
[SCEC] 2017-04-06 21:35:51,770 DEBUG edu.uag.iidis.scec.persistencia.hibernate.HibernateUtil.getSession(160) : >getSession()
[SCEC] 2017-04-06 21:35:51,773 DEBUG edu.uag.iidis.scec.persistencia.LugarDAO.buscarEstado(84) : <<<<<<<<< create query ok 
[SCEC] 2017-04-06 21:35:51,773 DEBUG edu.uag.iidis.scec.persistencia.LugarDAO.buscarEstado(87) : <<<<<<<<< set Parameter ok antes del query list >>>>>
Hibernate: select estado0_.idEstado as idEstado4_, estado0_.idPais as idPais4_, estado0_.nombreEstado as nombreEs3_4_ from Estado estado0_ where estado0_.idPais=500
[SCEC] 2017-04-06 21:35:51,774 DEBUG edu.uag.iidis.scec.persistencia.LugarDAO.buscarEstado(92) : <<<<<<<<< Result size 0
[SCEC] 2017-04-06 21:35:51,774 DEBUG edu.uag.iidis.scec.persistencia.hibernate.HibernateUtil.commitTransaction(256) : >commitTransaction()
[SCEC] 2017-04-06 21:35:51,775 DEBUG edu.uag.iidis.scec.persistencia.hibernate.HibernateUtil.commitTransaction(264) : -Comprometiendo la transacción de este thread.
[SCEC] 2017-04-06 21:35:51,775 DEBUG edu.uag.iidis.scec.persistencia.hibernate.HibernateUtil.closeSession(204) : >closeSession()
[SCEC] 2017-04-06 21:35:51,775 DEBUG edu.uag.iidis.scec.persistencia.hibernate.HibernateUtil.closeSession(212) : -Cerrando la sesión local al thread.
[SCEC] 2017-04-06 21:35:51,775 DEBUG edu.uag.iidis.scec.persistencia.hibernate.HibernateUtil.beginTransaction(230) : >beginTransaction()
[SCEC] 2017-04-06 21:35:51,776 DEBUG edu.uag.iidis.scec.persistencia.hibernate.HibernateUtil.beginTransaction(237) : -Iniciando una nueva transacción de base de datos en este thread.
[SCEC] 2017-04-06 21:35:51,776 DEBUG edu.uag.iidis.scec.persistencia.hibernate.HibernateUtil.getSession(160) : >getSession()
[SCEC] 2017-04-06 21:35:51,776 DEBUG edu.uag.iidis.scec.persistencia.hibernate.HibernateUtil.getSession(167) : -Abriendo una nueva sesión para el thread.
[SCEC] 2017-04-06 21:35:51,776 DEBUG edu.uag.iidis.scec.persistencia.LugarDAO.buscarMunicipio(118) : >buscarMunicipio(id)
[SCEC] 2017-04-06 21:35:51,776 DEBUG edu.uag.iidis.scec.persistencia.LugarDAO.buscarMunicipio(126) : from Municipio where idEstado= 500
[SCEC] 2017-04-06 21:35:51,776 DEBUG edu.uag.iidis.scec.persistencia.hibernate.HibernateUtil.getSession(160) : >getSession()
[SCEC] 2017-04-06 21:35:51,779 DEBUG edu.uag.iidis.scec.persistencia.LugarDAO.buscarMunicipio(132) : <<<<<<<<< create query ok 
[SCEC] 2017-04-06 21:35:51,780 DEBUG edu.uag.iidis.scec.persistencia.LugarDAO.buscarMunicipio(135) : <<<<<<<<< set Parameter ok antes del query list >>>>>
Hibernate: select municipio0_.idMunicipio as idMunici1_3_, municipio0_.idEstado as idEstado3_, municipio0_.nombreMunicipio as nombreMu3_3_ from Municipio municipio0_ where municipio0_.idEstado=500
[SCEC] 2017-04-06 21:35:51,780 DEBUG edu.uag.iidis.scec.persistencia.LugarDAO.buscarMunicipio(140) : <<<<<<<<< Result size 0
[SCEC] 2017-04-06 21:35:51,781 DEBUG edu.uag.iidis.scec.persistencia.hibernate.HibernateUtil.commitTransaction(256) : >commitTransaction()
[SCEC] 2017-04-06 21:35:51,781 DEBUG edu.uag.iidis.scec.persistencia.hibernate.HibernateUtil.commitTransaction(264) : -Comprometiendo la transacción de este thread.
[SCEC] 2017-04-06 21:35:51,781 DEBUG edu.uag.iidis.scec.persistencia.hibernate.HibernateUtil.closeSession(204) : >closeSession()
[SCEC] 2017-04-06 21:35:51,781 DEBUG edu.uag.iidis.scec.persistencia.hibernate.HibernateUtil.closeSession(212) : -Cerrando la sesión local al thread.
[SCEC] 2017-04-06 21:35:51,782 DEBUG edu.uag.iidis.scec.persistencia.hibernate.HibernateUtil.beginTransaction(230) : >beginTransaction()
[SCEC] 2017-04-06 21:35:51,782 DEBUG edu.uag.iidis.scec.persistencia.hibernate.HibernateUtil.beginTransaction(237) : -Iniciando una nueva transacción de base de datos en este thread.
[SCEC] 2017-04-06 21:35:51,782 DEBUG edu.uag.iidis.scec.persistencia.hibernate.HibernateUtil.getSession(160) : >getSession()
[SCEC] 2017-04-06 21:35:51,782 DEBUG edu.uag.iidis.scec.persistencia.hibernate.HibernateUtil.getSession(167) : -Abriendo una nueva sesión para el thread.
[SCEC] 2017-04-06 21:35:51,782 DEBUG edu.uag.iidis.scec.persistencia.LugarDAO.buscarMunicipio(118) : >buscarMunicipio(id)
[SCEC] 2017-04-06 21:35:51,783 DEBUG edu.uag.iidis.scec.persistencia.LugarDAO.buscarMunicipio(126) : from Municipio where idEstado= 1
[SCEC] 2017-04-06 21:35:51,783 DEBUG edu.uag.iidis.scec.persistencia.hibernate.HibernateUtil.getSession(160) : >getSession()
[SCEC] 2017-04-06 21:35:51,786 DEBUG edu.uag.iidis.scec.persistencia.LugarDAO.buscarMunicipio(132) : <<<<<<<<< create query ok 
[SCEC] 2017-04-06 21:35:51,786 DEBUG edu.uag.iidis.scec.persistencia.LugarDAO.buscarMunicipio(135) : <<<<<<<<< set Parameter ok antes del query list >>>>>
Hibernate: select municipio0_.idMunicipio as idMunici1_3_, municipio0_.idEstado as idEstado3_, municipio0_.nombreMunicipio as nombreMu3_3_ from Municipio municipio0_ where municipio0_.idEstado=1
[SCEC] 2017-04-06 21:35:51,788 DEBUG edu.uag.iidis.scec.persistencia.LugarDAO.buscarMunicipio(140) : <<<<<<<<< Result size 1
[SCEC] 2017-04-06 21:35:51,788 DEBUG edu.uag.iidis.scec.persistencia.hibernate.HibernateUtil.commitTransaction(256) : >commitTransaction()
[SCEC] 2017-04-06 21:35:51,788 DEBUG edu.uag.iidis.scec.persistencia.hibernate.HibernateUtil.commitTransaction(264) : -Comprometiendo la transacción de este thread.
[SCEC] 2017-04-06 21:35:51,788 DEBUG edu.uag.iidis.scec.persistencia.hibernate.HibernateUtil.closeSession(204) : >closeSession()
[SCEC] 2017-04-06 21:35:51,789 DEBUG edu.uag.iidis.scec.persistencia.hibernate.HibernateUtil.closeSession(212) : -Cerrando la sesión local al thread.
[SCEC] 2017-04-06 21:35:51,789 DEBUG edu.uag.iidis.scec.persistencia.hibernate.HibernateUtil.beginTransaction(230) : >beginTransaction()
[SCEC] 2017-04-06 21:35:51,789 DEBUG edu.uag.iidis.scec.persistencia.hibernate.HibernateUtil.beginTransaction(237) : -Iniciando una nueva transacción de base de datos en este thread.
[SCEC] 2017-04-06 21:35:51,789 DEBUG edu.uag.iidis.scec.persistencia.hibernate.HibernateUtil.getSession(160) : >getSession()
[SCEC] 2017-04-06 21:35:51,789 DEBUG edu.uag.iidis.scec.persistencia.hibernate.HibernateUtil.getSession(167) : -Abriendo una nueva sesión para el thread.
[SCEC] 2017-04-06 21:35:51,790 DEBUG edu.uag.iidis.scec.persistencia.LugarDAO.buscarPaises(42) : >buscarTodos()
[SCEC] 2017-04-06 21:35:51,790 DEBUG edu.uag.iidis.scec.persistencia.hibernate.HibernateUtil.getSession(160) : >getSession()
Hibernate: select this_.idPais as idPais5_0_, this_.nombrePais as nombrePais5_0_ from Pais this_
[SCEC] 2017-04-06 21:35:51,791 DEBUG edu.uag.iidis.scec.persistencia.LugarDAO.buscarPaises(50) : >buscarTodos() ---- list   2
[SCEC] 2017-04-06 21:35:51,792 DEBUG edu.uag.iidis.scec.persistencia.LugarDAO.buscarPaises(51) : >buscarTodos() ---- contenido   [edu.uag.iidis.scec.modelo.Pais@295eaa7c[
  idPais=1
  nombrePais=México
], edu.uag.iidis.scec.modelo.Pais@3918c187[
  idPais=2
  nombrePais=España
]]
[SCEC] 2017-04-06 21:35:51,792 DEBUG edu.uag.iidis.scec.persistencia.hibernate.HibernateUtil.commitTransaction(256) : >commitTransaction()
[SCEC] 2017-04-06 21:35:51,792 DEBUG edu.uag.iidis.scec.persistencia.hibernate.HibernateUtil.commitTransaction(264) : -Comprometiendo la transacción de este thread.
[SCEC] 2017-04-06 21:35:51,792 DEBUG edu.uag.iidis.scec.persistencia.hibernate.HibernateUtil.closeSession(204) : >closeSession()
[SCEC] 2017-04-06 21:35:51,793 DEBUG edu.uag.iidis.scec.persistencia.hibernate.HibernateUtil.closeSession(212) : -Cerrando la sesión local al thread.
]]></system-out>

      <system-err><![CDATA[]]></system-err>

  </testsuite>
  <testsuite errors="0" failures="1" hostname="DESKTOP-VIP1QLO" id="4" name="RecomendacionDAOTest" package="edu.uag.iidis.scec.pruebas" skipped="0" tests="2" time="1.855" timestamp="2017-04-07T02:39:26">
      <properties>
[...]
</properties>

      <testcase classname="edu.uag.iidis.scec.pruebas.RecomendacionDAOTest" name="testBuscarTodosInvalido" time="1.725">
          <failure message="Si no hay datos en la tabla success" type="junit.framework.AssertionFailedError">junit.framework.AssertionFailedError: Si no hay datos en la tabla success
	at edu.uag.iidis.scec.pruebas.RecomendacionDAOTest.testBuscarTodosInvalido(RecomendacionDAOTest.java:57)
	at junit.extensions.TestDecorator.basicRun(TestDecorator.java:23)
	at junit.extensions.TestSetup$1.protect(TestSetup.java:23)
	at junit.extensions.TestSetup.run(TestSetup.java:27)
</failure>

      </testcase>

      <testcase classname="edu.uag.iidis.scec.pruebas.RecomendacionDAOTest" name="testBuscarTodos" time="0.007" />

      <system-out><![CDATA[[SCEC] 2017-04-06 21:39:26,613 DEBUG edu.uag.iidis.scec.persistencia.hibernate.HibernateUtil.<clinit>(69) : >creando sessionFactory
[SCEC] 2017-04-06 21:39:28,099 DEBUG edu.uag.iidis.scec.persistencia.hibernate.HibernateUtil.beginTransaction(230) : >beginTransaction()
[SCEC] 2017-04-06 21:39:28,100 DEBUG edu.uag.iidis.scec.persistencia.hibernate.HibernateUtil.beginTransaction(237) : -Iniciando una nueva transacción de base de datos en este thread.
[SCEC] 2017-04-06 21:39:28,100 DEBUG edu.uag.iidis.scec.persistencia.hibernate.HibernateUtil.getSession(160) : >getSession()
[SCEC] 2017-04-06 21:39:28,101 DEBUG edu.uag.iidis.scec.persistencia.hibernate.HibernateUtil.getSession(167) : -Abriendo una nueva sesión para el thread.
[SCEC] 2017-04-06 21:39:28,146 DEBUG edu.uag.iidis.scec.persistencia.RecomendacionDAO.buscarTodos(43) : >buscarTodos()
[SCEC] 2017-04-06 21:39:28,147 DEBUG edu.uag.iidis.scec.persistencia.hibernate.HibernateUtil.getSession(160) : >getSession()
Hibernate: select this_.id as id7_0_, this_.nombrePais as nombrePais7_0_, this_.nombreEstado as nombreEs3_7_0_, this_.nombreMunicipio as nombreMu4_7_0_, this_.idAtraccion as idAtracc5_7_0_, this_.nombreAtraccion as nombreAt6_7_0_, this_.path as path7_0_, this_.puntaje as puntaje7_0_ from vista_recomendacion this_
[SCEC] 2017-04-06 21:39:28,317 DEBUG edu.uag.iidis.scec.persistencia.RecomendacionDAO.buscarTodos(51) : >buscarTodos() ---- list   2
[SCEC] 2017-04-06 21:39:28,323 DEBUG edu.uag.iidis.scec.persistencia.RecomendacionDAO.buscarTodos(52) : >buscarTodos() ---- contenido   [edu.uag.iidis.scec.modelo.Recomendacion@43b6123e[
  id=3
  nombrePais=México
  nombreEstado=Jalisco
  nombreMunicipio=Guadalajara
  idAtraccion=2
  nombreAtraccion=Agua Azul
  path=agua-azul-2
  puntaje=3
], edu.uag.iidis.scec.modelo.Recomendacion@70ab2d48[
  id=1
  nombrePais=México
  nombreEstado=Chiapas
  nombreMunicipio=Tuxtla Gutierrez
  idAtraccion=1
  nombreAtraccion=Parque de la Marimba
  path=parque-de-la-marimba-1
  puntaje=3
]]
[SCEC] 2017-04-06 21:39:28,324 DEBUG edu.uag.iidis.scec.persistencia.hibernate.HibernateUtil.commitTransaction(256) : >commitTransaction()
[SCEC] 2017-04-06 21:39:28,324 DEBUG edu.uag.iidis.scec.persistencia.hibernate.HibernateUtil.commitTransaction(264) : -Comprometiendo la transacción de este thread.
[SCEC] 2017-04-06 21:39:28,330 DEBUG edu.uag.iidis.scec.persistencia.hibernate.HibernateUtil.closeSession(204) : >closeSession()
[SCEC] 2017-04-06 21:39:28,331 DEBUG edu.uag.iidis.scec.persistencia.hibernate.HibernateUtil.closeSession(212) : -Cerrando la sesión local al thread.
[SCEC] 2017-04-06 21:39:28,336 DEBUG edu.uag.iidis.scec.persistencia.hibernate.HibernateUtil.beginTransaction(230) : >beginTransaction()
[SCEC] 2017-04-06 21:39:28,337 DEBUG edu.uag.iidis.scec.persistencia.hibernate.HibernateUtil.beginTransaction(237) : -Iniciando una nueva transacción de base de datos en este thread.
[SCEC] 2017-04-06 21:39:28,337 DEBUG edu.uag.iidis.scec.persistencia.hibernate.HibernateUtil.getSession(160) : >getSession()
[SCEC] 2017-04-06 21:39:28,338 DEBUG edu.uag.iidis.scec.persistencia.hibernate.HibernateUtil.getSession(167) : -Abriendo una nueva sesión para el thread.
[SCEC] 2017-04-06 21:39:28,338 DEBUG edu.uag.iidis.scec.persistencia.RecomendacionDAO.buscarTodos(43) : >buscarTodos()
[SCEC] 2017-04-06 21:39:28,338 DEBUG edu.uag.iidis.scec.persistencia.hibernate.HibernateUtil.getSession(160) : >getSession()
Hibernate: select this_.id as id7_0_, this_.nombrePais as nombrePais7_0_, this_.nombreEstado as nombreEs3_7_0_, this_.nombreMunicipio as nombreMu4_7_0_, this_.idAtraccion as idAtracc5_7_0_, this_.nombreAtraccion as nombreAt6_7_0_, this_.path as path7_0_, this_.puntaje as puntaje7_0_ from vista_recomendacion this_
[SCEC] 2017-04-06 21:39:28,341 DEBUG edu.uag.iidis.scec.persistencia.RecomendacionDAO.buscarTodos(51) : >buscarTodos() ---- list   2
[SCEC] 2017-04-06 21:39:28,341 DEBUG edu.uag.iidis.scec.persistencia.RecomendacionDAO.buscarTodos(52) : >buscarTodos() ---- contenido   [edu.uag.iidis.scec.modelo.Recomendacion@7f6f61c8[
  id=3
  nombrePais=México
  nombreEstado=Jalisco
  nombreMunicipio=Guadalajara
  idAtraccion=2
  nombreAtraccion=Agua Azul
  path=agua-azul-2
  puntaje=3
], edu.uag.iidis.scec.modelo.Recomendacion@4c2cc639[
  id=1
  nombrePais=México
  nombreEstado=Chiapas
  nombreMunicipio=Tuxtla Gutierrez
  idAtraccion=1
  nombreAtraccion=Parque de la Marimba
  path=parque-de-la-marimba-1
  puntaje=3
]]
[SCEC] 2017-04-06 21:39:28,342 DEBUG edu.uag.iidis.scec.persistencia.hibernate.HibernateUtil.commitTransaction(256) : >commitTransaction()
[SCEC] 2017-04-06 21:39:28,342 DEBUG edu.uag.iidis.scec.persistencia.hibernate.HibernateUtil.commitTransaction(264) : -Comprometiendo la transacción de este thread.
[SCEC] 2017-04-06 21:39:28,343 DEBUG edu.uag.iidis.scec.persistencia.hibernate.HibernateUtil.closeSession(204) : >closeSession()
[SCEC] 2017-04-06 21:39:28,343 DEBUG edu.uag.iidis.scec.persistencia.hibernate.HibernateUtil.closeSession(212) : -Cerrando la sesión local al thread.
]]></system-out>

      <system-err><![CDATA[]]></system-err>

  </testsuite>
  <testsuite errors="0" failures="2" hostname="DESKTOP-VIP1QLO" id="5" name="UsuarioDAOTest" package="edu.uag.iidis.scec.pruebas" skipped="0" tests="8" time="2.324" timestamp="2017-04-07T03:08:23">
      <properties>
[...]
</properties>

      <testcase classname="edu.uag.iidis.scec.pruebas.UsuarioDAOTest" name="testCrearUsuarioInvalido" time="1.768">
          <failure message="Falló" type="junit.framework.AssertionFailedError">junit.framework.AssertionFailedError: Falló
	at edu.uag.iidis.scec.pruebas.UsuarioDAOTest.testCrearUsuarioInvalido(UsuarioDAOTest.java:44)
	at junit.extensions.TestDecorator.basicRun(TestDecorator.java:23)
	at junit.extensions.TestSetup$1.protect(TestSetup.java:23)
	at junit.extensions.TestSetup.run(TestSetup.java:27)
</failure>

      </testcase>

      <testcase classname="edu.uag.iidis.scec.pruebas.UsuarioDAOTest" name="testBuscarPorNombreInvalido" time="0.293" />

      <testcase classname="edu.uag.iidis.scec.pruebas.UsuarioDAOTest" name="testCrearUsuario" time="0.063" />

      <testcase classname="edu.uag.iidis.scec.pruebas.UsuarioDAOTest" name="testBuscarTodosInvalido" time="0.041">
          <failure message="Si no hay datos en la tabla success" type="junit.framework.AssertionFailedError">junit.framework.AssertionFailedError: Si no hay datos en la tabla success
	at edu.uag.iidis.scec.pruebas.UsuarioDAOTest.testBuscarTodosInvalido(UsuarioDAOTest.java:98)
	at junit.extensions.TestDecorator.basicRun(TestDecorator.java:23)
	at junit.extensions.TestSetup$1.protect(TestSetup.java:23)
	at junit.extensions.TestSetup.run(TestSetup.java:27)
</failure>

      </testcase>

      <testcase classname="edu.uag.iidis.scec.pruebas.UsuarioDAOTest" name="testExisteUsuarioInvalido" time="0.012" />

      <testcase classname="edu.uag.iidis.scec.pruebas.UsuarioDAOTest" name="testBuscarTodos" time="0.014" />

      <testcase classname="edu.uag.iidis.scec.pruebas.UsuarioDAOTest" name="testBuscarPorNombre" time="0.007" />

      <testcase classname="edu.uag.iidis.scec.pruebas.UsuarioDAOTest" name="testExisteUsuario" time="0.002" />

      <system-out><![CDATA[[SCEC] 2017-04-06 22:08:23,162 DEBUG edu.uag.iidis.scec.persistencia.hibernate.HibernateUtil.<clinit>(69) : >creando sessionFactory
[SCEC] 2017-04-06 22:08:24,605 DEBUG edu.uag.iidis.scec.persistencia.hibernate.HibernateUtil.beginTransaction(230) : >beginTransaction()
[SCEC] 2017-04-06 22:08:24,606 DEBUG edu.uag.iidis.scec.persistencia.hibernate.HibernateUtil.beginTransaction(237) : -Iniciando una nueva transacción de base de datos en este thread.
[SCEC] 2017-04-06 22:08:24,606 DEBUG edu.uag.iidis.scec.persistencia.hibernate.HibernateUtil.getSession(160) : >getSession()
[SCEC] 2017-04-06 22:08:24,606 DEBUG edu.uag.iidis.scec.persistencia.hibernate.HibernateUtil.getSession(167) : -Abriendo una nueva sesión para el thread.
[SCEC] 2017-04-06 22:08:24,653 DEBUG edu.uag.iidis.scec.persistencia.UsuarioDAO.hazPersistente(148) : >hazPersistente(usuario)
[SCEC] 2017-04-06 22:08:24,653 DEBUG edu.uag.iidis.scec.persistencia.hibernate.HibernateUtil.getSession(160) : >getSession()
Hibernate: select max(idUsuario) from Usuarios
[SCEC] 2017-04-06 22:08:24,812 DEBUG edu.uag.iidis.scec.persistencia.hibernate.HibernateUtil.commitTransaction(256) : >commitTransaction()
[SCEC] 2017-04-06 22:08:24,812 DEBUG edu.uag.iidis.scec.persistencia.hibernate.HibernateUtil.commitTransaction(264) : -Comprometiendo la transacción de este thread.
Hibernate: insert into Usuarios (nombrePrefijo, nombreNombre, nombreApellidoPaterno, nombreApellidoMaterno, nombrePosfijo, nombreIniciales, nombreUsuario, claveAcceso, idUsuario) values (?, ?, ?, ?, ?, ?, ?, ?, ?)
[SCEC] 2017-04-06 22:08:24,906 DEBUG edu.uag.iidis.scec.persistencia.hibernate.HibernateUtil.closeSession(204) : >closeSession()
[SCEC] 2017-04-06 22:08:24,907 DEBUG edu.uag.iidis.scec.persistencia.hibernate.HibernateUtil.closeSession(212) : -Cerrando la sesión local al thread.
[SCEC] 2017-04-06 22:08:24,925 DEBUG edu.uag.iidis.scec.persistencia.UsuarioDAO.buscarPorNombreUsuario(41) : >buscarPorNombreUsuario(rooto)
[SCEC] 2017-04-06 22:08:24,926 DEBUG edu.uag.iidis.scec.persistencia.hibernate.HibernateUtil.getSession(160) : >getSession()
[SCEC] 2017-04-06 22:08:24,926 DEBUG edu.uag.iidis.scec.persistencia.hibernate.HibernateUtil.getSession(167) : -Abriendo una nueva sesión para el thread.
Hibernate: select usuario0_.idUsuario as idUsuario0_, usuario0_.nombrePrefijo as nombrePr2_0_, usuario0_.nombreNombre as nombreNo3_0_, usuario0_.nombreApellidoPaterno as nombreAp4_0_, usuario0_.nombreApellidoMaterno as nombreAp5_0_, usuario0_.nombrePosfijo as nombrePo6_0_, usuario0_.nombreIniciales as nombreIn7_0_, usuario0_.nombreUsuario as nombreUs8_0_, usuario0_.claveAcceso as claveAcc9_0_ from Usuarios usuario0_ where usuario0_.nombreUsuario=?
[SCEC] 2017-04-06 22:08:25,215 DEBUG edu.uag.iidis.scec.persistencia.UsuarioDAO.buscarPorNombreUsuario(57) : >buscarPorNombreUsuario(rooto)
[SCEC] 2017-04-06 22:08:25,215 DEBUG edu.uag.iidis.scec.persistencia.hibernate.HibernateUtil.closeSession(204) : >closeSession()
[SCEC] 2017-04-06 22:08:25,217 DEBUG edu.uag.iidis.scec.persistencia.hibernate.HibernateUtil.closeSession(212) : -Cerrando la sesión local al thread.
[SCEC] 2017-04-06 22:08:25,218 DEBUG edu.uag.iidis.scec.persistencia.hibernate.HibernateUtil.beginTransaction(230) : >beginTransaction()
[SCEC] 2017-04-06 22:08:25,218 DEBUG edu.uag.iidis.scec.persistencia.hibernate.HibernateUtil.beginTransaction(237) : -Iniciando una nueva transacción de base de datos en este thread.
[SCEC] 2017-04-06 22:08:25,218 DEBUG edu.uag.iidis.scec.persistencia.hibernate.HibernateUtil.getSession(160) : >getSession()
[SCEC] 2017-04-06 22:08:25,218 DEBUG edu.uag.iidis.scec.persistencia.hibernate.HibernateUtil.getSession(167) : -Abriendo una nueva sesión para el thread.
[SCEC] 2017-04-06 22:08:25,219 DEBUG edu.uag.iidis.scec.persistencia.UsuarioDAO.hazPersistente(148) : >hazPersistente(usuario)
[SCEC] 2017-04-06 22:08:25,219 DEBUG edu.uag.iidis.scec.persistencia.hibernate.HibernateUtil.getSession(160) : >getSession()
[SCEC] 2017-04-06 22:08:25,220 DEBUG edu.uag.iidis.scec.persistencia.hibernate.HibernateUtil.commitTransaction(256) : >commitTransaction()
[SCEC] 2017-04-06 22:08:25,220 DEBUG edu.uag.iidis.scec.persistencia.hibernate.HibernateUtil.commitTransaction(264) : -Comprometiendo la transacción de este thread.
Hibernate: insert into Usuarios (nombrePrefijo, nombreNombre, nombreApellidoPaterno, nombreApellidoMaterno, nombrePosfijo, nombreIniciales, nombreUsuario, claveAcceso, idUsuario) values (?, ?, ?, ?, ?, ?, ?, ?, ?)
[SCEC] 2017-04-06 22:08:25,280 DEBUG edu.uag.iidis.scec.persistencia.hibernate.HibernateUtil.closeSession(204) : >closeSession()
[SCEC] 2017-04-06 22:08:25,281 DEBUG edu.uag.iidis.scec.persistencia.hibernate.HibernateUtil.closeSession(212) : -Cerrando la sesión local al thread.
[SCEC] 2017-04-06 22:08:25,281 DEBUG edu.uag.iidis.scec.persistencia.UsuarioDAO.buscarTodos(82) : >buscarTodos()
[SCEC] 2017-04-06 22:08:25,282 DEBUG edu.uag.iidis.scec.persistencia.hibernate.HibernateUtil.getSession(160) : >getSession()
[SCEC] 2017-04-06 22:08:25,282 DEBUG edu.uag.iidis.scec.persistencia.hibernate.HibernateUtil.getSession(167) : -Abriendo una nueva sesión para el thread.
Hibernate: select this_.idUsuario as idUsuario0_0_, this_.nombrePrefijo as nombrePr2_0_0_, this_.nombreNombre as nombreNo3_0_0_, this_.nombreApellidoPaterno as nombreAp4_0_0_, this_.nombreApellidoMaterno as nombreAp5_0_0_, this_.nombrePosfijo as nombrePo6_0_0_, this_.nombreIniciales as nombreIn7_0_0_, this_.nombreUsuario as nombreUs8_0_0_, this_.claveAcceso as claveAcc9_0_0_ from Usuarios this_
Hibernate: select roles0_.idUsuario as idUsuario0_1_, roles0_.idRol as idRol1_, rol1_.idRol as idRol2_0_, rol1_.nombre as nombre2_0_, rol1_.descripcion as descripc3_2_0_ from UsuarioRol roles0_ inner join Roles rol1_ on roles0_.idRol=rol1_.idRol where roles0_.idUsuario=?
Hibernate: select roles0_.idUsuario as idUsuario0_1_, roles0_.idRol as idRol1_, rol1_.idRol as idRol2_0_, rol1_.nombre as nombre2_0_, rol1_.descripcion as descripc3_2_0_ from UsuarioRol roles0_ inner join Roles rol1_ on roles0_.idRol=rol1_.idRol where roles0_.idUsuario=?
Hibernate: select usuarios0_.idRol as idRol2_1_, usuarios0_.idUsuario as idUsuario1_, usuario1_.idUsuario as idUsuario0_0_, usuario1_.nombrePrefijo as nombrePr2_0_0_, usuario1_.nombreNombre as nombreNo3_0_0_, usuario1_.nombreApellidoPaterno as nombreAp4_0_0_, usuario1_.nombreApellidoMaterno as nombreAp5_0_0_, usuario1_.nombrePosfijo as nombrePo6_0_0_, usuario1_.nombreIniciales as nombreIn7_0_0_, usuario1_.nombreUsuario as nombreUs8_0_0_, usuario1_.claveAcceso as claveAcc9_0_0_ from UsuarioRol usuarios0_ inner join Usuarios usuario1_ on usuarios0_.idUsuario=usuario1_.idUsuario where usuarios0_.idRol=?
Hibernate: select usuarios0_.idRol as idRol2_1_, usuarios0_.idUsuario as idUsuario1_, usuario1_.idUsuario as idUsuario0_0_, usuario1_.nombrePrefijo as nombrePr2_0_0_, usuario1_.nombreNombre as nombreNo3_0_0_, usuario1_.nombreApellidoPaterno as nombreAp4_0_0_, usuario1_.nombreApellidoMaterno as nombreAp5_0_0_, usuario1_.nombrePosfijo as nombrePo6_0_0_, usuario1_.nombreIniciales as nombreIn7_0_0_, usuario1_.nombreUsuario as nombreUs8_0_0_, usuario1_.claveAcceso as claveAcc9_0_0_ from UsuarioRol usuarios0_ inner join Usuarios usuario1_ on usuarios0_.idUsuario=usuario1_.idUsuario where usuarios0_.idRol=?
Hibernate: select roles0_.idUsuario as idUsuario0_1_, roles0_.idRol as idRol1_, rol1_.idRol as idRol2_0_, rol1_.nombre as nombre2_0_, rol1_.descripcion as descripc3_2_0_ from UsuarioRol roles0_ inner join Roles rol1_ on roles0_.idRol=rol1_.idRol where roles0_.idUsuario=?
[SCEC] 2017-04-06 22:08:25,320 DEBUG edu.uag.iidis.scec.persistencia.hibernate.HibernateUtil.closeSession(204) : >closeSession()
[SCEC] 2017-04-06 22:08:25,320 DEBUG edu.uag.iidis.scec.persistencia.hibernate.HibernateUtil.closeSession(212) : -Cerrando la sesión local al thread.
[SCEC] 2017-04-06 22:08:25,322 DEBUG edu.uag.iidis.scec.persistencia.UsuarioDAO.existeUsuario(108) : >existeUsuario(nombreUsuario)
[SCEC] 2017-04-06 22:08:25,322 DEBUG edu.uag.iidis.scec.persistencia.hibernate.HibernateUtil.getSession(160) : >getSession()
[SCEC] 2017-04-06 22:08:25,323 DEBUG edu.uag.iidis.scec.persistencia.hibernate.HibernateUtil.getSession(167) : -Abriendo una nueva sesión para el thread.
Hibernate: select usuario0_.nombreUsuario as col_0_0_ from Usuarios usuario0_ where usuario0_.nombreUsuario=?
[SCEC] 2017-04-06 22:08:25,333 DEBUG edu.uag.iidis.scec.persistencia.hibernate.HibernateUtil.closeSession(204) : >closeSession()
[SCEC] 2017-04-06 22:08:25,334 DEBUG edu.uag.iidis.scec.persistencia.hibernate.HibernateUtil.closeSession(212) : -Cerrando la sesión local al thread.
[SCEC] 2017-04-06 22:08:25,334 DEBUG edu.uag.iidis.scec.persistencia.UsuarioDAO.buscarTodos(82) : >buscarTodos()
[SCEC] 2017-04-06 22:08:25,335 DEBUG edu.uag.iidis.scec.persistencia.hibernate.HibernateUtil.getSession(160) : >getSession()
[SCEC] 2017-04-06 22:08:25,335 DEBUG edu.uag.iidis.scec.persistencia.hibernate.HibernateUtil.getSession(167) : -Abriendo una nueva sesión para el thread.
Hibernate: select this_.idUsuario as idUsuario0_0_, this_.nombrePrefijo as nombrePr2_0_0_, this_.nombreNombre as nombreNo3_0_0_, this_.nombreApellidoPaterno as nombreAp4_0_0_, this_.nombreApellidoMaterno as nombreAp5_0_0_, this_.nombrePosfijo as nombrePo6_0_0_, this_.nombreIniciales as nombreIn7_0_0_, this_.nombreUsuario as nombreUs8_0_0_, this_.claveAcceso as claveAcc9_0_0_ from Usuarios this_
Hibernate: select roles0_.idUsuario as idUsuario0_1_, roles0_.idRol as idRol1_, rol1_.idRol as idRol2_0_, rol1_.nombre as nombre2_0_, rol1_.descripcion as descripc3_2_0_ from UsuarioRol roles0_ inner join Roles rol1_ on roles0_.idRol=rol1_.idRol where roles0_.idUsuario=?
Hibernate: select roles0_.idUsuario as idUsuario0_1_, roles0_.idRol as idRol1_, rol1_.idRol as idRol2_0_, rol1_.nombre as nombre2_0_, rol1_.descripcion as descripc3_2_0_ from UsuarioRol roles0_ inner join Roles rol1_ on roles0_.idRol=rol1_.idRol where roles0_.idUsuario=?
Hibernate: select usuarios0_.idRol as idRol2_1_, usuarios0_.idUsuario as idUsuario1_, usuario1_.idUsuario as idUsuario0_0_, usuario1_.nombrePrefijo as nombrePr2_0_0_, usuario1_.nombreNombre as nombreNo3_0_0_, usuario1_.nombreApellidoPaterno as nombreAp4_0_0_, usuario1_.nombreApellidoMaterno as nombreAp5_0_0_, usuario1_.nombrePosfijo as nombrePo6_0_0_, usuario1_.nombreIniciales as nombreIn7_0_0_, usuario1_.nombreUsuario as nombreUs8_0_0_, usuario1_.claveAcceso as claveAcc9_0_0_ from UsuarioRol usuarios0_ inner join Usuarios usuario1_ on usuarios0_.idUsuario=usuario1_.idUsuario where usuarios0_.idRol=?
Hibernate: select usuarios0_.idRol as idRol2_1_, usuarios0_.idUsuario as idUsuario1_, usuario1_.idUsuario as idUsuario0_0_, usuario1_.nombrePrefijo as nombrePr2_0_0_, usuario1_.nombreNombre as nombreNo3_0_0_, usuario1_.nombreApellidoPaterno as nombreAp4_0_0_, usuario1_.nombreApellidoMaterno as nombreAp5_0_0_, usuario1_.nombrePosfijo as nombrePo6_0_0_, usuario1_.nombreIniciales as nombreIn7_0_0_, usuario1_.nombreUsuario as nombreUs8_0_0_, usuario1_.claveAcceso as claveAcc9_0_0_ from UsuarioRol usuarios0_ inner join Usuarios usuario1_ on usuarios0_.idUsuario=usuario1_.idUsuario where usuarios0_.idRol=?
Hibernate: select roles0_.idUsuario as idUsuario0_1_, roles0_.idRol as idRol1_, rol1_.idRol as idRol2_0_, rol1_.nombre as nombre2_0_, rol1_.descripcion as descripc3_2_0_ from UsuarioRol roles0_ inner join Roles rol1_ on roles0_.idRol=rol1_.idRol where roles0_.idUsuario=?
[SCEC] 2017-04-06 22:08:25,348 DEBUG edu.uag.iidis.scec.persistencia.hibernate.HibernateUtil.closeSession(204) : >closeSession()
[SCEC] 2017-04-06 22:08:25,348 DEBUG edu.uag.iidis.scec.persistencia.hibernate.HibernateUtil.closeSession(212) : -Cerrando la sesión local al thread.
[SCEC] 2017-04-06 22:08:25,348 DEBUG edu.uag.iidis.scec.persistencia.UsuarioDAO.buscarPorNombreUsuario(41) : >buscarPorNombreUsuario(root)
[SCEC] 2017-04-06 22:08:25,349 DEBUG edu.uag.iidis.scec.persistencia.hibernate.HibernateUtil.getSession(160) : >getSession()
[SCEC] 2017-04-06 22:08:25,349 DEBUG edu.uag.iidis.scec.persistencia.hibernate.HibernateUtil.getSession(167) : -Abriendo una nueva sesión para el thread.
Hibernate: select usuario0_.idUsuario as idUsuario0_, usuario0_.nombrePrefijo as nombrePr2_0_, usuario0_.nombreNombre as nombreNo3_0_, usuario0_.nombreApellidoPaterno as nombreAp4_0_, usuario0_.nombreApellidoMaterno as nombreAp5_0_, usuario0_.nombrePosfijo as nombrePo6_0_, usuario0_.nombreIniciales as nombreIn7_0_, usuario0_.nombreUsuario as nombreUs8_0_, usuario0_.claveAcceso as claveAcc9_0_ from Usuarios usuario0_ where usuario0_.nombreUsuario=?
Hibernate: select roles0_.idUsuario as idUsuario0_1_, roles0_.idRol as idRol1_, rol1_.idRol as idRol2_0_, rol1_.nombre as nombre2_0_, rol1_.descripcion as descripc3_2_0_ from UsuarioRol roles0_ inner join Roles rol1_ on roles0_.idRol=rol1_.idRol where roles0_.idUsuario=?
[SCEC] 2017-04-06 22:08:25,354 DEBUG edu.uag.iidis.scec.persistencia.hibernate.HibernateUtil.closeSession(204) : >closeSession()
[SCEC] 2017-04-06 22:08:25,355 DEBUG edu.uag.iidis.scec.persistencia.hibernate.HibernateUtil.closeSession(212) : -Cerrando la sesión local al thread.
[SCEC] 2017-04-06 22:08:25,355 DEBUG edu.uag.iidis.scec.persistencia.UsuarioDAO.existeUsuario(108) : >existeUsuario(nombreUsuario)
[SCEC] 2017-04-06 22:08:25,355 DEBUG edu.uag.iidis.scec.persistencia.hibernate.HibernateUtil.getSession(160) : >getSession()
[SCEC] 2017-04-06 22:08:25,355 DEBUG edu.uag.iidis.scec.persistencia.hibernate.HibernateUtil.getSession(167) : -Abriendo una nueva sesión para el thread.
Hibernate: select usuario0_.nombreUsuario as col_0_0_ from Usuarios usuario0_ where usuario0_.nombreUsuario=?
[SCEC] 2017-04-06 22:08:25,357 DEBUG edu.uag.iidis.scec.persistencia.hibernate.HibernateUtil.closeSession(204) : >closeSession()
[SCEC] 2017-04-06 22:08:25,357 DEBUG edu.uag.iidis.scec.persistencia.hibernate.HibernateUtil.closeSession(212) : -Cerrando la sesión local al thread.
]]></system-out>

      <system-err><![CDATA[]]></system-err>

  </testsuite>
</testsuites>
